[2024-01-25T13:49:20.628+0000] {manager.py:469} INFO - Processing files using up to 2 processes at a time 
[2024-01-25T13:49:20.629+0000] {manager.py:470} INFO - Process each file at most once every 30 seconds
[2024-01-25T13:49:20.630+0000] {manager.py:471} INFO - Checking for new files in /opt/airflow/dags every 300 seconds
[2024-01-25T13:49:20.631+0000] {manager.py:738} INFO - Searching for files in /opt/airflow/dags
[2024-01-25T13:49:20.688+0000] {manager.py:741} INFO - There are 1 files in /opt/airflow/dags
[2024-01-25T13:49:20.879+0000] {manager.py:879} INFO - 
================================================================================
DAG File Processing Stats

File Path                   PID  Runtime      # DAGs    # Errors  Last Runtime    Last Run
------------------------  -----  ---------  --------  ----------  --------------  ----------
/opt/airflow/dags/ETL.py     41  0.07s             0           0
================================================================================
[2024-01-25T13:49:51.104+0000] {manager.py:879} INFO - 
================================================================================
DAG File Processing Stats

File Path                   PID  Runtime      # DAGs    # Errors  Last Runtime    Last Run
------------------------  -----  ---------  --------  ----------  --------------  -------------------
/opt/airflow/dags/ETL.py     58  0.00s             0           1  0.14s           2024-01-25T13:49:20
================================================================================
[2024-01-25T13:50:21.353+0000] {manager.py:879} INFO - 
================================================================================
DAG File Processing Stats

File Path                   PID  Runtime      # DAGs    # Errors  Last Runtime    Last Run
------------------------  -----  ---------  --------  ----------  --------------  -------------------
/opt/airflow/dags/ETL.py     75  0.00s             0           1  0.08s           2024-01-25T13:49:51
================================================================================
[2024-01-25T13:50:51.650+0000] {manager.py:879} INFO - 
================================================================================
DAG File Processing Stats

File Path                 PID    Runtime      # DAGs    # Errors  Last Runtime    Last Run
------------------------  -----  ---------  --------  ----------  --------------  -------------------
/opt/airflow/dags/ETL.py                           1           0  0.15s           2024-01-25T13:50:46
================================================================================
[2024-01-25T13:51:00.824+0000] {manager.py:451} INFO - Exiting gracefully upon receiving signal 15
